[2025-03-05T10:22:37.381+0000] {processor.py:161} INFO - Started process (PID=161) to work on /opt/airflow/dags/ingestao_cliente.py
[2025-03-05T10:22:37.382+0000] {processor.py:830} INFO - Processing file /opt/airflow/dags/ingestao_cliente.py for tasks to queue
[2025-03-05T10:22:37.383+0000] {logging_mixin.py:188} INFO - [2025-03-05T10:22:37.383+0000] {dagbag.py:540} INFO - Filling up the DagBag from /opt/airflow/dags/ingestao_cliente.py
[2025-03-05T10:22:37.441+0000] {processor.py:840} INFO - DAG(s) 'ingestao_cliente' retrieved from /opt/airflow/dags/ingestao_cliente.py
[2025-03-05T10:22:37.986+0000] {logging_mixin.py:188} INFO - [2025-03-05T10:22:37.985+0000] {override.py:1769} INFO - Created Permission View: can edit on DAG:ingestao_cliente
[2025-03-05T10:22:38.010+0000] {logging_mixin.py:188} INFO - [2025-03-05T10:22:38.009+0000] {override.py:1769} INFO - Created Permission View: can read on DAG:ingestao_cliente
[2025-03-05T10:22:38.028+0000] {logging_mixin.py:188} INFO - [2025-03-05T10:22:38.028+0000] {override.py:1769} INFO - Created Permission View: can delete on DAG:ingestao_cliente
[2025-03-05T10:22:38.029+0000] {logging_mixin.py:188} INFO - [2025-03-05T10:22:38.028+0000] {dag.py:3047} INFO - Sync 1 DAGs
[2025-03-05T10:22:38.061+0000] {logging_mixin.py:188} INFO - [2025-03-05T10:22:38.061+0000] {dag.py:3069} INFO - Creating ORM DAG for ingestao_cliente
[2025-03-05T10:22:38.101+0000] {logging_mixin.py:188} INFO - [2025-03-05T10:22:38.101+0000] {dag.py:3834} INFO - Setting next_dagrun for ingestao_cliente to 2024-03-05 00:00:00+00:00, run_after=2024-03-06 00:00:00+00:00
[2025-03-05T10:22:38.453+0000] {logging_mixin.py:188} INFO - [2025-03-05T10:22:38.451+0000] {dagbag.py:649} ERROR - Failed to write serialized DAG: /opt/airflow/dags/ingestao_cliente.py
Traceback (most recent call last):
  File "/home/airflow/.local/lib/python3.8/site-packages/airflow/models/dagbag.py", line 637, in _serialize_dag_capturing_errors
    dag_was_updated = SerializedDagModel.write_dag(
  File "/home/airflow/.local/lib/python3.8/site-packages/airflow/utils/session.py", line 76, in wrapper
    return func(*args, **kwargs)
  File "/home/airflow/.local/lib/python3.8/site-packages/airflow/models/serialized_dag.py", line 157, in write_dag
    if session.scalar(
  File "/home/airflow/.local/lib/python3.8/site-packages/sqlalchemy/orm/session.py", line 1747, in scalar
    return self.execute(
  File "/home/airflow/.local/lib/python3.8/site-packages/sqlalchemy/orm/session.py", line 1716, in execute
    conn = self._connection_for_bind(bind)
  File "/home/airflow/.local/lib/python3.8/site-packages/sqlalchemy/orm/session.py", line 1555, in _connection_for_bind
    return self._transaction._connection_for_bind(
  File "/home/airflow/.local/lib/python3.8/site-packages/sqlalchemy/orm/session.py", line 724, in _connection_for_bind
    self._assert_active()
  File "/home/airflow/.local/lib/python3.8/site-packages/sqlalchemy/orm/session.py", line 604, in _assert_active
    raise sa_exc.PendingRollbackError(
sqlalchemy.exc.PendingRollbackError: This Session's transaction has been rolled back due to a previous exception during flush. To begin a new transaction with this Session, first issue Session.rollback(). Original exception was: (psycopg2.errors.UniqueViolation) duplicate key value violates unique constraint "dag_pkey"
DETAIL:  Key (dag_id)=(ingestao_cliente) already exists.

[SQL: INSERT INTO dag (dag_id, root_dag_id, is_paused, is_subdag, is_active, last_parsed_time, last_pickled, last_expired, scheduler_lock, pickle_id, fileloc, processor_subdir, owners, description, default_view, schedule_interval, timetable_description, max_active_tasks, max_active_runs, has_task_concurrency_limits, has_import_errors, next_dagrun, next_dagrun_data_interval_start, next_dagrun_data_interval_end, next_dagrun_create_after) VALUES (%(dag_id)s, %(root_dag_id)s, %(is_paused)s, %(is_subdag)s, %(is_active)s, %(last_parsed_time)s, %(last_pickled)s, %(last_expired)s, %(scheduler_lock)s, %(pickle_id)s, %(fileloc)s, %(processor_subdir)s, %(owners)s, %(description)s, %(default_view)s, %(schedule_interval)s, %(timetable_description)s, %(max_active_tasks)s, %(max_active_runs)s, %(has_task_concurrency_limits)s, %(has_import_errors)s, %(next_dagrun)s, %(next_dagrun_data_interval_start)s, %(next_dagrun_data_interval_end)s, %(next_dagrun_create_after)s)]
[parameters: {'dag_id': 'ingestao_cliente', 'root_dag_id': None, 'is_paused': True, 'is_subdag': False, 'is_active': True, 'last_parsed_time': datetime.datetime(2025, 3, 5, 10, 22, 38, 96228, tzinfo=Timezone('UTC')), 'last_pickled': None, 'last_expired': None, 'scheduler_lock': None, 'pickle_id': None, 'fileloc': '/opt/airflow/dags/ingestao_cliente.py', 'processor_subdir': '/opt/airflow/dags', 'owners': 'airflow', 'description': 'DAG para orquestrar ingestão de clientes', 'default_view': 'grid', 'schedule_interval': '"@daily"', 'timetable_description': 'At 00:00', 'max_active_tasks': 16, 'max_active_runs': 16, 'has_task_concurrency_limits': False, 'has_import_errors': False, 'next_dagrun': DateTime(2024, 3, 5, 0, 0, 0, tzinfo=Timezone('UTC')), 'next_dagrun_data_interval_start': DateTime(2024, 3, 5, 0, 0, 0, tzinfo=Timezone('UTC')), 'next_dagrun_data_interval_end': DateTime(2024, 3, 6, 0, 0, 0, tzinfo=Timezone('UTC')), 'next_dagrun_create_after': DateTime(2024, 3, 6, 0, 0, 0, tzinfo=Timezone('UTC'))}]
(Background on this error at: https://sqlalche.me/e/14/gkpj) (Background on this error at: https://sqlalche.me/e/14/7s2a)
[2025-03-05T10:22:38.454+0000] {logging_mixin.py:188} INFO - [2025-03-05T10:22:38.454+0000] {dag.py:3047} INFO - Sync 1 DAGs
[2025-03-05T10:22:38.456+0000] {processor.py:186} ERROR - Got an exception! Propagating...
Traceback (most recent call last):
  File "/home/airflow/.local/lib/python3.8/site-packages/airflow/dag_processing/processor.py", line 182, in _run_file_processor
    _handle_dag_file_processing()
  File "/home/airflow/.local/lib/python3.8/site-packages/airflow/dag_processing/processor.py", line 163, in _handle_dag_file_processing
    result: tuple[int, int] = dag_file_processor.process_file(
  File "/home/airflow/.local/lib/python3.8/site-packages/airflow/utils/session.py", line 79, in wrapper
    return func(*args, session=session, **kwargs)
  File "/home/airflow/.local/lib/python3.8/site-packages/airflow/dag_processing/processor.py", line 859, in process_file
    serialize_errors = DagFileProcessor.save_dag_to_db(
  File "/home/airflow/.local/lib/python3.8/site-packages/airflow/api_internal/internal_api_call.py", line 114, in wrapper
    return func(*args, **kwargs)
  File "/home/airflow/.local/lib/python3.8/site-packages/airflow/utils/session.py", line 79, in wrapper
    return func(*args, session=session, **kwargs)
  File "/home/airflow/.local/lib/python3.8/site-packages/airflow/dag_processing/processor.py", line 895, in save_dag_to_db
    import_errors = DagBag._sync_to_db(dags=dags, processor_subdir=dag_directory, session=session)
  File "/home/airflow/.local/lib/python3.8/site-packages/airflow/utils/session.py", line 76, in wrapper
    return func(*args, **kwargs)
  File "/home/airflow/.local/lib/python3.8/site-packages/airflow/models/dagbag.py", line 659, in _sync_to_db
    for attempt in run_with_db_retries(logger=log):
  File "/home/airflow/.local/lib/python3.8/site-packages/tenacity/__init__.py", line 347, in __iter__
    do = self.iter(retry_state=retry_state)
  File "/home/airflow/.local/lib/python3.8/site-packages/tenacity/__init__.py", line 314, in iter
    return fut.result()
  File "/usr/local/lib/python3.8/concurrent/futures/_base.py", line 437, in result
    return self.__get_result()
  File "/usr/local/lib/python3.8/concurrent/futures/_base.py", line 389, in __get_result
    raise self._exception
  File "/home/airflow/.local/lib/python3.8/site-packages/airflow/models/dagbag.py", line 675, in _sync_to_db
    DAG.bulk_write_to_db(dags.values(), processor_subdir=processor_subdir, session=session)
  File "/home/airflow/.local/lib/python3.8/site-packages/airflow/utils/session.py", line 76, in wrapper
    return func(*args, **kwargs)
  File "/home/airflow/.local/lib/python3.8/site-packages/airflow/models/dag.py", line 3059, in bulk_write_to_db
    orm_dags: list[DagModel] = session.scalars(query).unique().all()
  File "/home/airflow/.local/lib/python3.8/site-packages/sqlalchemy/orm/session.py", line 1778, in scalars
    return self.execute(
  File "/home/airflow/.local/lib/python3.8/site-packages/sqlalchemy/orm/session.py", line 1716, in execute
    conn = self._connection_for_bind(bind)
  File "/home/airflow/.local/lib/python3.8/site-packages/sqlalchemy/orm/session.py", line 1555, in _connection_for_bind
    return self._transaction._connection_for_bind(
  File "/home/airflow/.local/lib/python3.8/site-packages/sqlalchemy/orm/session.py", line 724, in _connection_for_bind
    self._assert_active()
  File "/home/airflow/.local/lib/python3.8/site-packages/sqlalchemy/orm/session.py", line 604, in _assert_active
    raise sa_exc.PendingRollbackError(
sqlalchemy.exc.PendingRollbackError: This Session's transaction has been rolled back due to a previous exception during flush. To begin a new transaction with this Session, first issue Session.rollback(). Original exception was: (psycopg2.errors.UniqueViolation) duplicate key value violates unique constraint "dag_pkey"
DETAIL:  Key (dag_id)=(ingestao_cliente) already exists.

[SQL: INSERT INTO dag (dag_id, root_dag_id, is_paused, is_subdag, is_active, last_parsed_time, last_pickled, last_expired, scheduler_lock, pickle_id, fileloc, processor_subdir, owners, description, default_view, schedule_interval, timetable_description, max_active_tasks, max_active_runs, has_task_concurrency_limits, has_import_errors, next_dagrun, next_dagrun_data_interval_start, next_dagrun_data_interval_end, next_dagrun_create_after) VALUES (%(dag_id)s, %(root_dag_id)s, %(is_paused)s, %(is_subdag)s, %(is_active)s, %(last_parsed_time)s, %(last_pickled)s, %(last_expired)s, %(scheduler_lock)s, %(pickle_id)s, %(fileloc)s, %(processor_subdir)s, %(owners)s, %(description)s, %(default_view)s, %(schedule_interval)s, %(timetable_description)s, %(max_active_tasks)s, %(max_active_runs)s, %(has_task_concurrency_limits)s, %(has_import_errors)s, %(next_dagrun)s, %(next_dagrun_data_interval_start)s, %(next_dagrun_data_interval_end)s, %(next_dagrun_create_after)s)]
[parameters: {'dag_id': 'ingestao_cliente', 'root_dag_id': None, 'is_paused': True, 'is_subdag': False, 'is_active': True, 'last_parsed_time': datetime.datetime(2025, 3, 5, 10, 22, 38, 96228, tzinfo=Timezone('UTC')), 'last_pickled': None, 'last_expired': None, 'scheduler_lock': None, 'pickle_id': None, 'fileloc': '/opt/airflow/dags/ingestao_cliente.py', 'processor_subdir': '/opt/airflow/dags', 'owners': 'airflow', 'description': 'DAG para orquestrar ingestão de clientes', 'default_view': 'grid', 'schedule_interval': '"@daily"', 'timetable_description': 'At 00:00', 'max_active_tasks': 16, 'max_active_runs': 16, 'has_task_concurrency_limits': False, 'has_import_errors': False, 'next_dagrun': DateTime(2024, 3, 5, 0, 0, 0, tzinfo=Timezone('UTC')), 'next_dagrun_data_interval_start': DateTime(2024, 3, 5, 0, 0, 0, tzinfo=Timezone('UTC')), 'next_dagrun_data_interval_end': DateTime(2024, 3, 6, 0, 0, 0, tzinfo=Timezone('UTC')), 'next_dagrun_create_after': DateTime(2024, 3, 6, 0, 0, 0, tzinfo=Timezone('UTC'))}]
(Background on this error at: https://sqlalche.me/e/14/gkpj) (Background on this error at: https://sqlalche.me/e/14/7s2a)
[2025-03-05T10:23:08.595+0000] {processor.py:161} INFO - Started process (PID=173) to work on /opt/airflow/dags/ingestao_cliente.py
[2025-03-05T10:23:08.597+0000] {processor.py:830} INFO - Processing file /opt/airflow/dags/ingestao_cliente.py for tasks to queue
[2025-03-05T10:23:08.598+0000] {logging_mixin.py:188} INFO - [2025-03-05T10:23:08.598+0000] {dagbag.py:540} INFO - Filling up the DagBag from /opt/airflow/dags/ingestao_cliente.py
[2025-03-05T10:23:08.614+0000] {processor.py:840} INFO - DAG(s) 'ingestao_cliente' retrieved from /opt/airflow/dags/ingestao_cliente.py
[2025-03-05T10:23:08.645+0000] {logging_mixin.py:188} INFO - [2025-03-05T10:23:08.645+0000] {dag.py:3047} INFO - Sync 1 DAGs
[2025-03-05T10:23:08.666+0000] {logging_mixin.py:188} INFO - [2025-03-05T10:23:08.666+0000] {dag.py:3834} INFO - Setting next_dagrun for ingestao_cliente to 2024-03-05 00:00:00+00:00, run_after=2024-03-06 00:00:00+00:00
[2025-03-05T10:23:08.685+0000] {processor.py:183} INFO - Processing /opt/airflow/dags/ingestao_cliente.py took 0.094 seconds
[2025-03-05T10:23:38.898+0000] {processor.py:161} INFO - Started process (PID=181) to work on /opt/airflow/dags/ingestao_cliente.py
[2025-03-05T10:23:38.902+0000] {processor.py:830} INFO - Processing file /opt/airflow/dags/ingestao_cliente.py for tasks to queue
[2025-03-05T10:23:38.902+0000] {logging_mixin.py:188} INFO - [2025-03-05T10:23:38.902+0000] {dagbag.py:540} INFO - Filling up the DagBag from /opt/airflow/dags/ingestao_cliente.py
[2025-03-05T10:23:38.917+0000] {processor.py:840} INFO - DAG(s) 'ingestao_cliente' retrieved from /opt/airflow/dags/ingestao_cliente.py
[2025-03-05T10:23:39.016+0000] {logging_mixin.py:188} INFO - [2025-03-05T10:23:39.016+0000] {dag.py:3047} INFO - Sync 1 DAGs
[2025-03-05T10:23:39.031+0000] {logging_mixin.py:188} INFO - [2025-03-05T10:23:39.031+0000] {dag.py:3834} INFO - Setting next_dagrun for ingestao_cliente to 2024-03-05 00:00:00+00:00, run_after=2024-03-06 00:00:00+00:00
[2025-03-05T10:23:39.053+0000] {processor.py:183} INFO - Processing /opt/airflow/dags/ingestao_cliente.py took 0.162 seconds
[2025-03-05T10:24:29.500+0000] {processor.py:161} INFO - Started process (PID=162) to work on /opt/airflow/dags/ingestao_cliente.py
[2025-03-05T10:24:29.542+0000] {processor.py:830} INFO - Processing file /opt/airflow/dags/ingestao_cliente.py for tasks to queue
[2025-03-05T10:24:29.545+0000] {logging_mixin.py:188} INFO - [2025-03-05T10:24:29.544+0000] {dagbag.py:540} INFO - Filling up the DagBag from /opt/airflow/dags/ingestao_cliente.py
[2025-03-05T10:24:29.720+0000] {processor.py:840} INFO - DAG(s) 'ingestao_cliente' retrieved from /opt/airflow/dags/ingestao_cliente.py
[2025-03-05T10:24:29.811+0000] {logging_mixin.py:188} INFO - [2025-03-05T10:24:29.811+0000] {dag.py:3047} INFO - Sync 1 DAGs
[2025-03-05T10:24:29.849+0000] {logging_mixin.py:188} INFO - [2025-03-05T10:24:29.849+0000] {dag.py:3834} INFO - Setting next_dagrun for ingestao_cliente to 2024-03-05 00:00:00+00:00, run_after=2024-03-06 00:00:00+00:00
[2025-03-05T10:24:29.967+0000] {processor.py:183} INFO - Processing /opt/airflow/dags/ingestao_cliente.py took 0.470 seconds
[2025-03-05T10:25:00.190+0000] {processor.py:161} INFO - Started process (PID=171) to work on /opt/airflow/dags/ingestao_cliente.py
[2025-03-05T10:25:00.191+0000] {processor.py:830} INFO - Processing file /opt/airflow/dags/ingestao_cliente.py for tasks to queue
[2025-03-05T10:25:00.192+0000] {logging_mixin.py:188} INFO - [2025-03-05T10:25:00.191+0000] {dagbag.py:540} INFO - Filling up the DagBag from /opt/airflow/dags/ingestao_cliente.py
[2025-03-05T10:25:00.206+0000] {processor.py:840} INFO - DAG(s) 'ingestao_cliente' retrieved from /opt/airflow/dags/ingestao_cliente.py
[2025-03-05T10:25:00.311+0000] {logging_mixin.py:188} INFO - [2025-03-05T10:25:00.310+0000] {dag.py:3047} INFO - Sync 1 DAGs
[2025-03-05T10:25:00.329+0000] {logging_mixin.py:188} INFO - [2025-03-05T10:25:00.329+0000] {dag.py:3834} INFO - Setting next_dagrun for ingestao_cliente to 2024-03-05 00:00:00+00:00, run_after=2024-03-06 00:00:00+00:00
[2025-03-05T10:25:00.351+0000] {processor.py:183} INFO - Processing /opt/airflow/dags/ingestao_cliente.py took 0.166 seconds
[2025-03-05T10:25:30.558+0000] {processor.py:161} INFO - Started process (PID=185) to work on /opt/airflow/dags/ingestao_cliente.py
[2025-03-05T10:25:30.559+0000] {processor.py:830} INFO - Processing file /opt/airflow/dags/ingestao_cliente.py for tasks to queue
[2025-03-05T10:25:30.561+0000] {logging_mixin.py:188} INFO - [2025-03-05T10:25:30.560+0000] {dagbag.py:540} INFO - Filling up the DagBag from /opt/airflow/dags/ingestao_cliente.py
[2025-03-05T10:25:30.575+0000] {processor.py:840} INFO - DAG(s) 'ingestao_cliente' retrieved from /opt/airflow/dags/ingestao_cliente.py
[2025-03-05T10:25:30.597+0000] {logging_mixin.py:188} INFO - [2025-03-05T10:25:30.597+0000] {dag.py:3047} INFO - Sync 1 DAGs
[2025-03-05T10:25:30.617+0000] {logging_mixin.py:188} INFO - [2025-03-05T10:25:30.617+0000] {dag.py:3834} INFO - Setting next_dagrun for ingestao_cliente to 2025-03-05 00:00:00+00:00, run_after=2025-03-06 00:00:00+00:00
[2025-03-05T10:25:30.638+0000] {processor.py:183} INFO - Processing /opt/airflow/dags/ingestao_cliente.py took 0.083 seconds
[2025-03-05T10:26:00.863+0000] {processor.py:161} INFO - Started process (PID=201) to work on /opt/airflow/dags/ingestao_cliente.py
[2025-03-05T10:26:00.863+0000] {processor.py:830} INFO - Processing file /opt/airflow/dags/ingestao_cliente.py for tasks to queue
[2025-03-05T10:26:00.864+0000] {logging_mixin.py:188} INFO - [2025-03-05T10:26:00.864+0000] {dagbag.py:540} INFO - Filling up the DagBag from /opt/airflow/dags/ingestao_cliente.py
[2025-03-05T10:26:00.875+0000] {processor.py:840} INFO - DAG(s) 'ingestao_cliente' retrieved from /opt/airflow/dags/ingestao_cliente.py
[2025-03-05T10:26:00.967+0000] {logging_mixin.py:188} INFO - [2025-03-05T10:26:00.967+0000] {dag.py:3047} INFO - Sync 1 DAGs
[2025-03-05T10:26:00.989+0000] {logging_mixin.py:188} INFO - [2025-03-05T10:26:00.989+0000] {dag.py:3834} INFO - Setting next_dagrun for ingestao_cliente to 2025-03-05 00:00:00+00:00, run_after=2025-03-06 00:00:00+00:00
[2025-03-05T10:26:01.014+0000] {processor.py:183} INFO - Processing /opt/airflow/dags/ingestao_cliente.py took 0.154 seconds
[2025-03-05T10:26:31.220+0000] {processor.py:161} INFO - Started process (PID=214) to work on /opt/airflow/dags/ingestao_cliente.py
[2025-03-05T10:26:31.221+0000] {processor.py:830} INFO - Processing file /opt/airflow/dags/ingestao_cliente.py for tasks to queue
[2025-03-05T10:26:31.222+0000] {logging_mixin.py:188} INFO - [2025-03-05T10:26:31.222+0000] {dagbag.py:540} INFO - Filling up the DagBag from /opt/airflow/dags/ingestao_cliente.py
[2025-03-05T10:26:31.233+0000] {processor.py:840} INFO - DAG(s) 'ingestao_cliente' retrieved from /opt/airflow/dags/ingestao_cliente.py
[2025-03-05T10:26:31.254+0000] {logging_mixin.py:188} INFO - [2025-03-05T10:26:31.254+0000] {dag.py:3047} INFO - Sync 1 DAGs
[2025-03-05T10:26:31.274+0000] {logging_mixin.py:188} INFO - [2025-03-05T10:26:31.274+0000] {dag.py:3834} INFO - Setting next_dagrun for ingestao_cliente to 2025-03-05 00:00:00+00:00, run_after=2025-03-06 00:00:00+00:00
[2025-03-05T10:26:31.293+0000] {processor.py:183} INFO - Processing /opt/airflow/dags/ingestao_cliente.py took 0.075 seconds
[2025-03-05T10:27:01.493+0000] {processor.py:161} INFO - Started process (PID=227) to work on /opt/airflow/dags/ingestao_cliente.py
[2025-03-05T10:27:01.494+0000] {processor.py:830} INFO - Processing file /opt/airflow/dags/ingestao_cliente.py for tasks to queue
[2025-03-05T10:27:01.495+0000] {logging_mixin.py:188} INFO - [2025-03-05T10:27:01.495+0000] {dagbag.py:540} INFO - Filling up the DagBag from /opt/airflow/dags/ingestao_cliente.py
[2025-03-05T10:27:01.504+0000] {processor.py:840} INFO - DAG(s) 'ingestao_cliente' retrieved from /opt/airflow/dags/ingestao_cliente.py
[2025-03-05T10:27:01.580+0000] {logging_mixin.py:188} INFO - [2025-03-05T10:27:01.580+0000] {dag.py:3047} INFO - Sync 1 DAGs
[2025-03-05T10:27:01.594+0000] {logging_mixin.py:188} INFO - [2025-03-05T10:27:01.594+0000] {dag.py:3834} INFO - Setting next_dagrun for ingestao_cliente to 2025-03-05 00:00:00+00:00, run_after=2025-03-06 00:00:00+00:00
[2025-03-05T10:27:01.610+0000] {processor.py:183} INFO - Processing /opt/airflow/dags/ingestao_cliente.py took 0.120 seconds
[2025-03-05T10:27:31.760+0000] {processor.py:161} INFO - Started process (PID=237) to work on /opt/airflow/dags/ingestao_cliente.py
[2025-03-05T10:27:31.760+0000] {processor.py:830} INFO - Processing file /opt/airflow/dags/ingestao_cliente.py for tasks to queue
[2025-03-05T10:27:31.761+0000] {logging_mixin.py:188} INFO - [2025-03-05T10:27:31.761+0000] {dagbag.py:540} INFO - Filling up the DagBag from /opt/airflow/dags/ingestao_cliente.py
[2025-03-05T10:27:31.773+0000] {processor.py:840} INFO - DAG(s) 'ingestao_cliente' retrieved from /opt/airflow/dags/ingestao_cliente.py
[2025-03-05T10:27:31.797+0000] {logging_mixin.py:188} INFO - [2025-03-05T10:27:31.796+0000] {dag.py:3047} INFO - Sync 1 DAGs
[2025-03-05T10:27:31.816+0000] {logging_mixin.py:188} INFO - [2025-03-05T10:27:31.816+0000] {dag.py:3834} INFO - Setting next_dagrun for ingestao_cliente to 2025-03-05 00:00:00+00:00, run_after=2025-03-06 00:00:00+00:00
[2025-03-05T10:27:31.832+0000] {processor.py:183} INFO - Processing /opt/airflow/dags/ingestao_cliente.py took 0.075 seconds
[2025-03-05T10:28:02.028+0000] {processor.py:161} INFO - Started process (PID=250) to work on /opt/airflow/dags/ingestao_cliente.py
[2025-03-05T10:28:02.029+0000] {processor.py:830} INFO - Processing file /opt/airflow/dags/ingestao_cliente.py for tasks to queue
[2025-03-05T10:28:02.030+0000] {logging_mixin.py:188} INFO - [2025-03-05T10:28:02.030+0000] {dagbag.py:540} INFO - Filling up the DagBag from /opt/airflow/dags/ingestao_cliente.py
[2025-03-05T10:28:02.039+0000] {processor.py:840} INFO - DAG(s) 'ingestao_cliente' retrieved from /opt/airflow/dags/ingestao_cliente.py
[2025-03-05T10:28:02.127+0000] {logging_mixin.py:188} INFO - [2025-03-05T10:28:02.126+0000] {dag.py:3047} INFO - Sync 1 DAGs
[2025-03-05T10:28:02.141+0000] {logging_mixin.py:188} INFO - [2025-03-05T10:28:02.141+0000] {dag.py:3834} INFO - Setting next_dagrun for ingestao_cliente to 2025-03-05 00:00:00+00:00, run_after=2025-03-06 00:00:00+00:00
[2025-03-05T10:28:02.159+0000] {processor.py:183} INFO - Processing /opt/airflow/dags/ingestao_cliente.py took 0.134 seconds
[2025-03-05T10:28:32.310+0000] {processor.py:161} INFO - Started process (PID=260) to work on /opt/airflow/dags/ingestao_cliente.py
[2025-03-05T10:28:32.311+0000] {processor.py:830} INFO - Processing file /opt/airflow/dags/ingestao_cliente.py for tasks to queue
[2025-03-05T10:28:32.312+0000] {logging_mixin.py:188} INFO - [2025-03-05T10:28:32.311+0000] {dagbag.py:540} INFO - Filling up the DagBag from /opt/airflow/dags/ingestao_cliente.py
[2025-03-05T10:28:32.328+0000] {processor.py:840} INFO - DAG(s) 'ingestao_cliente' retrieved from /opt/airflow/dags/ingestao_cliente.py
[2025-03-05T10:28:32.359+0000] {logging_mixin.py:188} INFO - [2025-03-05T10:28:32.358+0000] {dag.py:3047} INFO - Sync 1 DAGs
[2025-03-05T10:28:32.379+0000] {logging_mixin.py:188} INFO - [2025-03-05T10:28:32.378+0000] {dag.py:3834} INFO - Setting next_dagrun for ingestao_cliente to 2025-03-05 00:00:00+00:00, run_after=2025-03-06 00:00:00+00:00
[2025-03-05T10:28:32.583+0000] {processor.py:183} INFO - Processing /opt/airflow/dags/ingestao_cliente.py took 0.276 seconds
[2025-03-05T10:29:02.809+0000] {processor.py:161} INFO - Started process (PID=267) to work on /opt/airflow/dags/ingestao_cliente.py
[2025-03-05T10:29:02.811+0000] {processor.py:830} INFO - Processing file /opt/airflow/dags/ingestao_cliente.py for tasks to queue
[2025-03-05T10:29:02.812+0000] {logging_mixin.py:188} INFO - [2025-03-05T10:29:02.812+0000] {dagbag.py:540} INFO - Filling up the DagBag from /opt/airflow/dags/ingestao_cliente.py
[2025-03-05T10:29:02.827+0000] {processor.py:840} INFO - DAG(s) 'ingestao_cliente' retrieved from /opt/airflow/dags/ingestao_cliente.py
[2025-03-05T10:29:02.926+0000] {logging_mixin.py:188} INFO - [2025-03-05T10:29:02.926+0000] {dag.py:3047} INFO - Sync 1 DAGs
[2025-03-05T10:29:02.944+0000] {logging_mixin.py:188} INFO - [2025-03-05T10:29:02.944+0000] {dag.py:3834} INFO - Setting next_dagrun for ingestao_cliente to 2025-03-05 00:00:00+00:00, run_after=2025-03-06 00:00:00+00:00
[2025-03-05T10:29:02.964+0000] {processor.py:183} INFO - Processing /opt/airflow/dags/ingestao_cliente.py took 0.163 seconds
[2025-03-05T10:29:33.048+0000] {processor.py:161} INFO - Started process (PID=272) to work on /opt/airflow/dags/ingestao_cliente.py
[2025-03-05T10:29:33.048+0000] {processor.py:830} INFO - Processing file /opt/airflow/dags/ingestao_cliente.py for tasks to queue
[2025-03-05T10:29:33.049+0000] {logging_mixin.py:188} INFO - [2025-03-05T10:29:33.049+0000] {dagbag.py:540} INFO - Filling up the DagBag from /opt/airflow/dags/ingestao_cliente.py
[2025-03-05T10:29:33.060+0000] {processor.py:840} INFO - DAG(s) 'ingestao_cliente' retrieved from /opt/airflow/dags/ingestao_cliente.py
[2025-03-05T10:29:33.083+0000] {logging_mixin.py:188} INFO - [2025-03-05T10:29:33.083+0000] {dag.py:3047} INFO - Sync 1 DAGs
[2025-03-05T10:29:33.100+0000] {logging_mixin.py:188} INFO - [2025-03-05T10:29:33.100+0000] {dag.py:3834} INFO - Setting next_dagrun for ingestao_cliente to 2025-03-05 00:00:00+00:00, run_after=2025-03-06 00:00:00+00:00
[2025-03-05T10:29:33.120+0000] {processor.py:183} INFO - Processing /opt/airflow/dags/ingestao_cliente.py took 0.075 seconds
[2025-03-05T10:30:03.338+0000] {processor.py:161} INFO - Started process (PID=281) to work on /opt/airflow/dags/ingestao_cliente.py
[2025-03-05T10:30:03.366+0000] {processor.py:830} INFO - Processing file /opt/airflow/dags/ingestao_cliente.py for tasks to queue
[2025-03-05T10:30:03.367+0000] {logging_mixin.py:188} INFO - [2025-03-05T10:30:03.366+0000] {dagbag.py:540} INFO - Filling up the DagBag from /opt/airflow/dags/ingestao_cliente.py
[2025-03-05T10:30:03.381+0000] {processor.py:840} INFO - DAG(s) 'ingestao_cliente' retrieved from /opt/airflow/dags/ingestao_cliente.py
[2025-03-05T10:30:03.405+0000] {logging_mixin.py:188} INFO - [2025-03-05T10:30:03.404+0000] {dag.py:3047} INFO - Sync 1 DAGs
[2025-03-05T10:30:03.423+0000] {logging_mixin.py:188} INFO - [2025-03-05T10:30:03.423+0000] {dag.py:3834} INFO - Setting next_dagrun for ingestao_cliente to 2025-03-05 00:00:00+00:00, run_after=2025-03-06 00:00:00+00:00
[2025-03-05T10:30:03.438+0000] {processor.py:183} INFO - Processing /opt/airflow/dags/ingestao_cliente.py took 0.102 seconds
[2025-03-05T10:30:33.522+0000] {processor.py:161} INFO - Started process (PID=288) to work on /opt/airflow/dags/ingestao_cliente.py
[2025-03-05T10:30:33.522+0000] {processor.py:830} INFO - Processing file /opt/airflow/dags/ingestao_cliente.py for tasks to queue
[2025-03-05T10:30:33.523+0000] {logging_mixin.py:188} INFO - [2025-03-05T10:30:33.523+0000] {dagbag.py:540} INFO - Filling up the DagBag from /opt/airflow/dags/ingestao_cliente.py
[2025-03-05T10:30:33.532+0000] {processor.py:840} INFO - DAG(s) 'ingestao_cliente' retrieved from /opt/airflow/dags/ingestao_cliente.py
[2025-03-05T10:30:33.558+0000] {logging_mixin.py:188} INFO - [2025-03-05T10:30:33.558+0000] {dag.py:3047} INFO - Sync 1 DAGs
[2025-03-05T10:30:33.580+0000] {logging_mixin.py:188} INFO - [2025-03-05T10:30:33.579+0000] {dag.py:3834} INFO - Setting next_dagrun for ingestao_cliente to 2025-03-05 00:00:00+00:00, run_after=2025-03-06 00:00:00+00:00
[2025-03-05T10:30:33.601+0000] {processor.py:183} INFO - Processing /opt/airflow/dags/ingestao_cliente.py took 0.082 seconds
[2025-03-05T10:31:03.778+0000] {processor.py:161} INFO - Started process (PID=293) to work on /opt/airflow/dags/ingestao_cliente.py
[2025-03-05T10:31:03.781+0000] {processor.py:830} INFO - Processing file /opt/airflow/dags/ingestao_cliente.py for tasks to queue
[2025-03-05T10:31:03.782+0000] {logging_mixin.py:188} INFO - [2025-03-05T10:31:03.781+0000] {dagbag.py:540} INFO - Filling up the DagBag from /opt/airflow/dags/ingestao_cliente.py
[2025-03-05T10:31:03.791+0000] {processor.py:840} INFO - DAG(s) 'ingestao_cliente' retrieved from /opt/airflow/dags/ingestao_cliente.py
[2025-03-05T10:31:03.814+0000] {logging_mixin.py:188} INFO - [2025-03-05T10:31:03.814+0000] {dag.py:3047} INFO - Sync 1 DAGs
[2025-03-05T10:31:03.830+0000] {logging_mixin.py:188} INFO - [2025-03-05T10:31:03.830+0000] {dag.py:3834} INFO - Setting next_dagrun for ingestao_cliente to 2025-03-05 00:00:00+00:00, run_after=2025-03-06 00:00:00+00:00
[2025-03-05T10:31:03.847+0000] {processor.py:183} INFO - Processing /opt/airflow/dags/ingestao_cliente.py took 0.072 seconds
[2025-03-05T10:31:33.964+0000] {processor.py:161} INFO - Started process (PID=298) to work on /opt/airflow/dags/ingestao_cliente.py
[2025-03-05T10:31:33.964+0000] {processor.py:830} INFO - Processing file /opt/airflow/dags/ingestao_cliente.py for tasks to queue
[2025-03-05T10:31:33.965+0000] {logging_mixin.py:188} INFO - [2025-03-05T10:31:33.965+0000] {dagbag.py:540} INFO - Filling up the DagBag from /opt/airflow/dags/ingestao_cliente.py
[2025-03-05T10:31:33.975+0000] {processor.py:840} INFO - DAG(s) 'ingestao_cliente' retrieved from /opt/airflow/dags/ingestao_cliente.py
[2025-03-05T10:31:34.000+0000] {logging_mixin.py:188} INFO - [2025-03-05T10:31:33.999+0000] {dag.py:3047} INFO - Sync 1 DAGs
[2025-03-05T10:31:34.020+0000] {logging_mixin.py:188} INFO - [2025-03-05T10:31:34.020+0000] {dag.py:3834} INFO - Setting next_dagrun for ingestao_cliente to 2025-03-05 00:00:00+00:00, run_after=2025-03-06 00:00:00+00:00
[2025-03-05T10:31:34.041+0000] {processor.py:183} INFO - Processing /opt/airflow/dags/ingestao_cliente.py took 0.079 seconds
