[2025-03-05T10:22:37.379+0000] {processor.py:161} INFO - Started process (PID=160) to work on /opt/airflow/dags/ola.py
[2025-03-05T10:22:37.380+0000] {processor.py:830} INFO - Processing file /opt/airflow/dags/ola.py for tasks to queue
[2025-03-05T10:22:37.381+0000] {logging_mixin.py:188} INFO - [2025-03-05T10:22:37.381+0000] {dagbag.py:540} INFO - Filling up the DagBag from /opt/airflow/dags/ola.py
[2025-03-05T10:22:37.429+0000] {processor.py:840} INFO - DAG(s) 'ingestao_cliente' retrieved from /opt/airflow/dags/ola.py
[2025-03-05T10:22:37.980+0000] {logging_mixin.py:188} INFO - [2025-03-05T10:22:37.979+0000] {override.py:1677} ERROR - Add View Menu Error: (psycopg2.errors.UniqueViolation) duplicate key value violates unique constraint "ab_view_menu_name_uq"
DETAIL:  Key (name)=(DAG:ingestao_cliente) already exists.

[SQL: INSERT INTO ab_view_menu (name) VALUES (%(name)s) RETURNING ab_view_menu.id]
[parameters: {'name': 'DAG:ingestao_cliente'}]
(Background on this error at: https://sqlalche.me/e/14/gkpj)
[2025-03-05T10:22:38.002+0000] {logging_mixin.py:188} INFO - [2025-03-05T10:22:38.001+0000] {override.py:1769} INFO - Created Permission View: can edit on None
[2025-03-05T10:22:38.025+0000] {logging_mixin.py:188} INFO - [2025-03-05T10:22:38.024+0000] {override.py:1617} ERROR - Add Permission: (psycopg2.errors.UniqueViolation) duplicate key value violates unique constraint "ab_permission_name_uq"
DETAIL:  Key (name)=(can_delete) already exists.

[SQL: INSERT INTO ab_permission (name) VALUES (%(name)s) RETURNING ab_permission.id]
[parameters: {'name': 'can_delete'}]
(Background on this error at: https://sqlalche.me/e/14/gkpj)
[2025-03-05T10:22:38.036+0000] {logging_mixin.py:188} INFO - [2025-03-05T10:22:38.034+0000] {override.py:1769} INFO - Created Permission View: None on DAG:ingestao_cliente
[2025-03-05T10:22:38.037+0000] {logging_mixin.py:188} INFO - [2025-03-05T10:22:38.036+0000] {dag.py:3047} INFO - Sync 1 DAGs
[2025-03-05T10:22:38.059+0000] {logging_mixin.py:188} INFO - [2025-03-05T10:22:38.058+0000] {dag.py:3069} INFO - Creating ORM DAG for ingestao_cliente
[2025-03-05T10:22:38.077+0000] {logging_mixin.py:188} INFO - [2025-03-05T10:22:38.077+0000] {dag.py:3834} INFO - Setting next_dagrun for ingestao_cliente to 2025-03-04 00:00:00+00:00, run_after=2025-03-05 00:00:00+00:00
[2025-03-05T10:22:38.109+0000] {processor.py:183} INFO - Processing /opt/airflow/dags/ola.py took 0.737 seconds
[2025-03-05T10:23:08.589+0000] {processor.py:161} INFO - Started process (PID=170) to work on /opt/airflow/dags/ola.py
[2025-03-05T10:23:08.590+0000] {processor.py:830} INFO - Processing file /opt/airflow/dags/ola.py for tasks to queue
[2025-03-05T10:23:08.591+0000] {logging_mixin.py:188} INFO - [2025-03-05T10:23:08.591+0000] {dagbag.py:540} INFO - Filling up the DagBag from /opt/airflow/dags/ola.py
[2025-03-05T10:23:08.607+0000] {processor.py:840} INFO - DAG(s) 'ingestao_cliente' retrieved from /opt/airflow/dags/ola.py
[2025-03-05T10:23:08.709+0000] {logging_mixin.py:188} INFO - [2025-03-05T10:23:08.709+0000] {dag.py:3047} INFO - Sync 1 DAGs
[2025-03-05T10:23:08.729+0000] {logging_mixin.py:188} INFO - [2025-03-05T10:23:08.728+0000] {dag.py:3834} INFO - Setting next_dagrun for ingestao_cliente to 2025-03-04 00:00:00+00:00, run_after=2025-03-05 00:00:00+00:00
[2025-03-05T10:23:08.748+0000] {processor.py:183} INFO - Processing /opt/airflow/dags/ola.py took 0.162 seconds
[2025-03-05T10:23:38.890+0000] {processor.py:161} INFO - Started process (PID=180) to work on /opt/airflow/dags/ola.py
[2025-03-05T10:23:38.892+0000] {processor.py:830} INFO - Processing file /opt/airflow/dags/ola.py for tasks to queue
[2025-03-05T10:23:38.894+0000] {logging_mixin.py:188} INFO - [2025-03-05T10:23:38.894+0000] {dagbag.py:540} INFO - Filling up the DagBag from /opt/airflow/dags/ola.py
[2025-03-05T10:23:38.910+0000] {processor.py:840} INFO - DAG(s) 'ingestao_cliente' retrieved from /opt/airflow/dags/ola.py
[2025-03-05T10:23:38.941+0000] {logging_mixin.py:188} INFO - [2025-03-05T10:23:38.941+0000] {dag.py:3047} INFO - Sync 1 DAGs
[2025-03-05T10:23:38.962+0000] {logging_mixin.py:188} INFO - [2025-03-05T10:23:38.962+0000] {dag.py:3834} INFO - Setting next_dagrun for ingestao_cliente to 2025-03-04 00:00:00+00:00, run_after=2025-03-05 00:00:00+00:00
[2025-03-05T10:23:38.980+0000] {processor.py:183} INFO - Processing /opt/airflow/dags/ola.py took 0.096 seconds
[2025-03-05T10:24:29.569+0000] {processor.py:161} INFO - Started process (PID=161) to work on /opt/airflow/dags/ola.py
[2025-03-05T10:24:29.597+0000] {processor.py:830} INFO - Processing file /opt/airflow/dags/ola.py for tasks to queue
[2025-03-05T10:24:29.656+0000] {logging_mixin.py:188} INFO - [2025-03-05T10:24:29.598+0000] {dagbag.py:540} INFO - Filling up the DagBag from /opt/airflow/dags/ola.py
[2025-03-05T10:24:29.720+0000] {processor.py:840} INFO - DAG(s) 'ingestao_cliente' retrieved from /opt/airflow/dags/ola.py
[2025-03-05T10:24:30.273+0000] {logging_mixin.py:188} INFO - [2025-03-05T10:24:30.272+0000] {dag.py:3047} INFO - Sync 1 DAGs
[2025-03-05T10:24:30.287+0000] {logging_mixin.py:188} INFO - [2025-03-05T10:24:30.286+0000] {dag.py:3834} INFO - Setting next_dagrun for ingestao_cliente to 2025-03-04 00:00:00+00:00, run_after=2025-03-05 00:00:00+00:00
[2025-03-05T10:24:30.304+0000] {processor.py:183} INFO - Processing /opt/airflow/dags/ola.py took 0.748 seconds
[2025-03-05T10:25:00.368+0000] {processor.py:161} INFO - Started process (PID=176) to work on /opt/airflow/dags/ola.py
[2025-03-05T10:25:00.369+0000] {processor.py:830} INFO - Processing file /opt/airflow/dags/ola.py for tasks to queue
[2025-03-05T10:25:00.370+0000] {logging_mixin.py:188} INFO - [2025-03-05T10:25:00.369+0000] {dagbag.py:540} INFO - Filling up the DagBag from /opt/airflow/dags/ola.py
[2025-03-05T10:25:00.380+0000] {processor.py:840} INFO - DAG(s) 'ingestao_cliente' retrieved from /opt/airflow/dags/ola.py
[2025-03-05T10:25:00.391+0000] {logging_mixin.py:188} INFO - [2025-03-05T10:25:00.391+0000] {dag.py:3047} INFO - Sync 1 DAGs
[2025-03-05T10:25:00.411+0000] {logging_mixin.py:188} INFO - [2025-03-05T10:25:00.410+0000] {dag.py:3834} INFO - Setting next_dagrun for ingestao_cliente to 2025-03-04 00:00:00+00:00, run_after=2025-03-05 00:00:00+00:00
[2025-03-05T10:25:00.427+0000] {processor.py:183} INFO - Processing /opt/airflow/dags/ola.py took 0.061 seconds
[2025-03-05T10:25:30.550+0000] {processor.py:161} INFO - Started process (PID=182) to work on /opt/airflow/dags/ola.py
[2025-03-05T10:25:30.552+0000] {processor.py:830} INFO - Processing file /opt/airflow/dags/ola.py for tasks to queue
[2025-03-05T10:25:30.553+0000] {logging_mixin.py:188} INFO - [2025-03-05T10:25:30.553+0000] {dagbag.py:540} INFO - Filling up the DagBag from /opt/airflow/dags/ola.py
[2025-03-05T10:25:30.563+0000] {processor.py:840} INFO - DAG(s) 'ingestao_cliente' retrieved from /opt/airflow/dags/ola.py
[2025-03-05T10:25:30.651+0000] {logging_mixin.py:188} INFO - [2025-03-05T10:25:30.651+0000] {dag.py:3047} INFO - Sync 1 DAGs
[2025-03-05T10:25:30.666+0000] {logging_mixin.py:188} INFO - [2025-03-05T10:25:30.666+0000] {dag.py:3834} INFO - Setting next_dagrun for ingestao_cliente to 2025-03-05 00:00:00+00:00, run_after=2025-03-06 00:00:00+00:00
[2025-03-05T10:25:30.684+0000] {processor.py:183} INFO - Processing /opt/airflow/dags/ola.py took 0.138 seconds
[2025-03-05T10:26:00.849+0000] {processor.py:161} INFO - Started process (PID=198) to work on /opt/airflow/dags/ola.py
[2025-03-05T10:26:00.850+0000] {processor.py:830} INFO - Processing file /opt/airflow/dags/ola.py for tasks to queue
[2025-03-05T10:26:00.850+0000] {logging_mixin.py:188} INFO - [2025-03-05T10:26:00.850+0000] {dagbag.py:540} INFO - Filling up the DagBag from /opt/airflow/dags/ola.py
[2025-03-05T10:26:00.861+0000] {processor.py:840} INFO - DAG(s) 'ingestao_cliente' retrieved from /opt/airflow/dags/ola.py
[2025-03-05T10:26:00.884+0000] {logging_mixin.py:188} INFO - [2025-03-05T10:26:00.884+0000] {dag.py:3047} INFO - Sync 1 DAGs
[2025-03-05T10:26:00.904+0000] {logging_mixin.py:188} INFO - [2025-03-05T10:26:00.904+0000] {dag.py:3834} INFO - Setting next_dagrun for ingestao_cliente to 2025-03-05 00:00:00+00:00, run_after=2025-03-06 00:00:00+00:00
[2025-03-05T10:26:00.982+0000] {processor.py:183} INFO - Processing /opt/airflow/dags/ola.py took 0.135 seconds
[2025-03-05T10:26:31.210+0000] {processor.py:161} INFO - Started process (PID=211) to work on /opt/airflow/dags/ola.py
[2025-03-05T10:26:31.213+0000] {processor.py:830} INFO - Processing file /opt/airflow/dags/ola.py for tasks to queue
[2025-03-05T10:26:31.214+0000] {logging_mixin.py:188} INFO - [2025-03-05T10:26:31.213+0000] {dagbag.py:540} INFO - Filling up the DagBag from /opt/airflow/dags/ola.py
[2025-03-05T10:26:31.224+0000] {processor.py:840} INFO - DAG(s) 'ingestao_cliente' retrieved from /opt/airflow/dags/ola.py
[2025-03-05T10:26:31.310+0000] {logging_mixin.py:188} INFO - [2025-03-05T10:26:31.310+0000] {dag.py:3047} INFO - Sync 1 DAGs
[2025-03-05T10:26:31.325+0000] {logging_mixin.py:188} INFO - [2025-03-05T10:26:31.324+0000] {dag.py:3834} INFO - Setting next_dagrun for ingestao_cliente to 2025-03-05 00:00:00+00:00, run_after=2025-03-06 00:00:00+00:00
[2025-03-05T10:26:31.341+0000] {processor.py:183} INFO - Processing /opt/airflow/dags/ola.py took 0.135 seconds
[2025-03-05T10:27:01.484+0000] {processor.py:161} INFO - Started process (PID=224) to work on /opt/airflow/dags/ola.py
[2025-03-05T10:27:01.487+0000] {processor.py:830} INFO - Processing file /opt/airflow/dags/ola.py for tasks to queue
[2025-03-05T10:27:01.488+0000] {logging_mixin.py:188} INFO - [2025-03-05T10:27:01.488+0000] {dagbag.py:540} INFO - Filling up the DagBag from /opt/airflow/dags/ola.py
[2025-03-05T10:27:01.498+0000] {processor.py:840} INFO - DAG(s) 'ingestao_cliente' retrieved from /opt/airflow/dags/ola.py
[2025-03-05T10:27:01.518+0000] {logging_mixin.py:188} INFO - [2025-03-05T10:27:01.518+0000] {dag.py:3047} INFO - Sync 1 DAGs
[2025-03-05T10:27:01.534+0000] {logging_mixin.py:188} INFO - [2025-03-05T10:27:01.533+0000] {dag.py:3834} INFO - Setting next_dagrun for ingestao_cliente to 2025-03-05 00:00:00+00:00, run_after=2025-03-06 00:00:00+00:00
[2025-03-05T10:27:01.550+0000] {processor.py:183} INFO - Processing /opt/airflow/dags/ola.py took 0.069 seconds
[2025-03-05T10:27:31.753+0000] {processor.py:161} INFO - Started process (PID=234) to work on /opt/airflow/dags/ola.py
[2025-03-05T10:27:31.754+0000] {processor.py:830} INFO - Processing file /opt/airflow/dags/ola.py for tasks to queue
[2025-03-05T10:27:31.755+0000] {logging_mixin.py:188} INFO - [2025-03-05T10:27:31.755+0000] {dagbag.py:540} INFO - Filling up the DagBag from /opt/airflow/dags/ola.py
[2025-03-05T10:27:31.766+0000] {processor.py:840} INFO - DAG(s) 'ingestao_cliente' retrieved from /opt/airflow/dags/ola.py
[2025-03-05T10:27:31.852+0000] {logging_mixin.py:188} INFO - [2025-03-05T10:27:31.852+0000] {dag.py:3047} INFO - Sync 1 DAGs
[2025-03-05T10:27:31.868+0000] {logging_mixin.py:188} INFO - [2025-03-05T10:27:31.867+0000] {dag.py:3834} INFO - Setting next_dagrun for ingestao_cliente to 2025-03-05 00:00:00+00:00, run_after=2025-03-06 00:00:00+00:00
[2025-03-05T10:27:31.886+0000] {processor.py:183} INFO - Processing /opt/airflow/dags/ola.py took 0.136 seconds
[2025-03-05T10:28:02.020+0000] {processor.py:161} INFO - Started process (PID=247) to work on /opt/airflow/dags/ola.py
[2025-03-05T10:28:02.021+0000] {processor.py:830} INFO - Processing file /opt/airflow/dags/ola.py for tasks to queue
[2025-03-05T10:28:02.022+0000] {logging_mixin.py:188} INFO - [2025-03-05T10:28:02.022+0000] {dagbag.py:540} INFO - Filling up the DagBag from /opt/airflow/dags/ola.py
[2025-03-05T10:28:02.031+0000] {processor.py:840} INFO - DAG(s) 'ingestao_cliente' retrieved from /opt/airflow/dags/ola.py
[2025-03-05T10:28:02.050+0000] {logging_mixin.py:188} INFO - [2025-03-05T10:28:02.049+0000] {dag.py:3047} INFO - Sync 1 DAGs
[2025-03-05T10:28:02.068+0000] {logging_mixin.py:188} INFO - [2025-03-05T10:28:02.068+0000] {dag.py:3834} INFO - Setting next_dagrun for ingestao_cliente to 2025-03-05 00:00:00+00:00, run_after=2025-03-06 00:00:00+00:00
[2025-03-05T10:28:02.081+0000] {processor.py:183} INFO - Processing /opt/airflow/dags/ola.py took 0.063 seconds
[2025-03-05T10:28:32.304+0000] {processor.py:161} INFO - Started process (PID=257) to work on /opt/airflow/dags/ola.py
[2025-03-05T10:28:32.305+0000] {processor.py:830} INFO - Processing file /opt/airflow/dags/ola.py for tasks to queue
[2025-03-05T10:28:32.306+0000] {logging_mixin.py:188} INFO - [2025-03-05T10:28:32.306+0000] {dagbag.py:540} INFO - Filling up the DagBag from /opt/airflow/dags/ola.py
[2025-03-05T10:28:32.319+0000] {processor.py:840} INFO - DAG(s) 'ingestao_cliente' retrieved from /opt/airflow/dags/ola.py
[2025-03-05T10:28:32.435+0000] {logging_mixin.py:188} INFO - [2025-03-05T10:28:32.435+0000] {dag.py:3047} INFO - Sync 1 DAGs
[2025-03-05T10:28:32.590+0000] {logging_mixin.py:188} INFO - [2025-03-05T10:28:32.590+0000] {dag.py:3834} INFO - Setting next_dagrun for ingestao_cliente to 2025-03-05 00:00:00+00:00, run_after=2025-03-06 00:00:00+00:00
[2025-03-05T10:28:32.629+0000] {processor.py:183} INFO - Processing /opt/airflow/dags/ola.py took 0.330 seconds
