[0m21:26:03.912177 [debug] [MainThread]: Sending event: {'category': 'dbt', 'action': 'invocation', 'label': 'start', 'context': [<snowplow_tracker.self_describing_json.SelfDescribingJson object at 0x7f217cad0ee0>, <snowplow_tracker.self_describing_json.SelfDescribingJson object at 0x7f217da2a590>, <snowplow_tracker.self_describing_json.SelfDescribingJson object at 0x7f217da2a530>]}


============================== 21:26:03.915015 | 26db93b5-42f6-48e7-8e74-710b8bd01595 ==============================
[0m21:26:03.915015 [info ] [MainThread]: Running with dbt=1.9.2
[0m21:26:03.915542 [debug] [MainThread]: running dbt with arguments {'printer_width': '80', 'indirect_selection': 'eager', 'log_cache_events': 'False', 'write_json': 'True', 'partial_parse': 'True', 'cache_selected_only': 'False', 'warn_error': 'None', 'version_check': 'True', 'debug': 'False', 'log_path': 'logs', 'profiles_dir': '/home/paribe/.dbt', 'fail_fast': 'False', 'use_colors': 'True', 'use_experimental_parser': 'False', 'empty': 'None', 'quiet': 'False', 'no_print': 'None', 'warn_error_options': 'WarnErrorOptions(include=[], exclude=[])', 'introspect': 'True', 'static_parser': 'True', 'log_format': 'default', 'target_path': 'None', 'invocation_command': 'dbt debug', 'send_anonymous_usage_stats': 'True'}
[0m21:26:03.921770 [info ] [MainThread]: dbt version: 1.9.2
[0m21:26:03.922246 [info ] [MainThread]: python version: 3.10.16
[0m21:26:03.922748 [info ] [MainThread]: python path: /home/paribe/python_dbt_streamlit/.venv/bin/python
[0m21:26:03.923297 [info ] [MainThread]: os info: Linux-5.15.167.4-microsoft-standard-WSL2-x86_64-with-glibc2.39
[0m21:26:03.924047 [info ] [MainThread]: Using profiles dir at /home/paribe/.dbt
[0m21:26:03.924548 [info ] [MainThread]: Using profiles.yml file at /home/paribe/.dbt/profiles.yml
[0m21:26:03.924976 [info ] [MainThread]: Using dbt_project.yml file at /home/paribe/python_dbt_streamlit/dbt_project.yml
[0m21:26:03.925392 [info ] [MainThread]: Configuration:
[0m21:26:03.925798 [info ] [MainThread]:   profiles.yml file [[31mERROR not found[0m]
[0m21:26:03.926241 [info ] [MainThread]:   dbt_project.yml file [[31mERROR not found[0m]
[0m21:26:03.926650 [info ] [MainThread]: Required dependencies:
[0m21:26:03.927080 [debug] [MainThread]: Executing "git --help"
[0m21:26:03.931746 [debug] [MainThread]: STDOUT: "b"usage: git [-v | --version] [-h | --help] [-C <path>] [-c <name>=<value>]\n           [--exec-path[=<path>]] [--html-path] [--man-path] [--info-path]\n           [-p | --paginate | -P | --no-pager] [--no-replace-objects] [--bare]\n           [--git-dir=<path>] [--work-tree=<path>] [--namespace=<name>]\n           [--config-env=<name>=<envvar>] <command> [<args>]\n\nThese are common Git commands used in various situations:\n\nstart a working area (see also: git help tutorial)\n   clone     Clone a repository into a new directory\n   init      Create an empty Git repository or reinitialize an existing one\n\nwork on the current change (see also: git help everyday)\n   add       Add file contents to the index\n   mv        Move or rename a file, a directory, or a symlink\n   restore   Restore working tree files\n   rm        Remove files from the working tree and from the index\n\nexamine the history and state (see also: git help revisions)\n   bisect    Use binary search to find the commit that introduced a bug\n   diff      Show changes between commits, commit and working tree, etc\n   grep      Print lines matching a pattern\n   log       Show commit logs\n   show      Show various types of objects\n   status    Show the working tree status\n\ngrow, mark and tweak your common history\n   branch    List, create, or delete branches\n   commit    Record changes to the repository\n   merge     Join two or more development histories together\n   rebase    Reapply commits on top of another base tip\n   reset     Reset current HEAD to the specified state\n   switch    Switch branches\n   tag       Create, list, delete or verify a tag object signed with GPG\n\ncollaborate (see also: git help workflows)\n   fetch     Download objects and refs from another repository\n   pull      Fetch from and integrate with another repository or a local branch\n   push      Update remote refs along with associated objects\n\n'git help -a' and 'git help -g' list available subcommands and some\nconcept guides. See 'git help <command>' or 'git help <concept>'\nto read about a specific subcommand or concept.\nSee 'git help git' for an overview of the system.\n""
[0m21:26:03.932501 [debug] [MainThread]: STDERR: "b''"
[0m21:26:03.932926 [info ] [MainThread]:  - git [[32mOK found[0m]

[0m21:26:03.933464 [info ] [MainThread]: Connection test skipped since no profile was found
[0m21:26:03.934055 [info ] [MainThread]: [31m2 checks failed:[0m
[0m21:26:03.934690 [info ] [MainThread]: dbt looked for a profiles.yml file in /home/paribe/.dbt/profiles.yml, but did
not find one. For more information on configuring your profile, consult the
documentation:

https://docs.getdbt.com/docs/configure-your-profile


[0m21:26:03.935244 [info ] [MainThread]: Project loading failed for the following reason:
 project path </home/paribe/python_dbt_streamlit/dbt_project.yml> not found

[0m21:26:03.936306 [debug] [MainThread]: Resource report: {"command_name": "debug", "command_success": false, "command_wall_clock_time": 0.0770853, "process_in_blocks": "0", "process_kernel_time": 0.079418, "process_mem_max_rss": "86232", "process_out_blocks": "16", "process_user_time": 1.459309}
[0m21:26:03.936895 [debug] [MainThread]: Command `dbt debug` failed at 21:26:03.936765 after 0.08 seconds
[0m21:26:03.937424 [debug] [MainThread]: Sending event: {'category': 'dbt', 'action': 'invocation', 'label': 'end', 'context': [<snowplow_tracker.self_describing_json.SelfDescribingJson object at 0x7f217cad0ee0>, <snowplow_tracker.self_describing_json.SelfDescribingJson object at 0x7f217da2a5c0>, <snowplow_tracker.self_describing_json.SelfDescribingJson object at 0x7f217da62da0>]}
[0m21:26:03.938115 [debug] [MainThread]: Flushing usage events
[0m21:26:06.584526 [debug] [MainThread]: An error was encountered while trying to flush usage events
[0m21:45:29.722868 [debug] [MainThread]: Sending event: {'category': 'dbt', 'action': 'invocation', 'label': 'start', 'context': [<snowplow_tracker.self_describing_json.SelfDescribingJson object at 0x7f7429a7cee0>, <snowplow_tracker.self_describing_json.SelfDescribingJson object at 0x7f742a90a5c0>, <snowplow_tracker.self_describing_json.SelfDescribingJson object at 0x7f742a90a530>]}


============================== 21:45:29.725446 | 0e9d1242-9355-4809-a782-68b1ffb436c5 ==============================
[0m21:45:29.725446 [info ] [MainThread]: Running with dbt=1.9.2
[0m21:45:29.726073 [debug] [MainThread]: running dbt with arguments {'printer_width': '80', 'indirect_selection': 'eager', 'write_json': 'True', 'log_cache_events': 'False', 'partial_parse': 'True', 'cache_selected_only': 'False', 'profiles_dir': '/home/paribe/python_dbt_streamlit', 'version_check': 'True', 'fail_fast': 'False', 'log_path': 'logs', 'warn_error': 'None', 'debug': 'False', 'use_colors': 'True', 'use_experimental_parser': 'False', 'no_print': 'None', 'quiet': 'False', 'empty': 'None', 'log_format': 'default', 'static_parser': 'True', 'invocation_command': 'dbt debug', 'warn_error_options': 'WarnErrorOptions(include=[], exclude=[])', 'target_path': 'None', 'introspect': 'True', 'send_anonymous_usage_stats': 'True'}
[0m21:45:29.732149 [info ] [MainThread]: dbt version: 1.9.2
[0m21:45:29.732773 [info ] [MainThread]: python version: 3.10.16
[0m21:45:29.733156 [info ] [MainThread]: python path: /home/paribe/python_dbt_streamlit/.venv/bin/python
[0m21:45:29.733523 [info ] [MainThread]: os info: Linux-5.15.167.4-microsoft-standard-WSL2-x86_64-with-glibc2.39
[0m21:45:29.741241 [error] [MainThread]: Encountered an error:
Parsing Error
  Env var required but not provided: 'DB_HOST'
[0m21:45:29.743936 [debug] [MainThread]: Resource report: {"command_name": "debug", "command_success": false, "command_wall_clock_time": 0.07475473, "process_in_blocks": "0", "process_kernel_time": 0.080664, "process_mem_max_rss": "86464", "process_out_blocks": "16", "process_user_time": 1.623364}
[0m21:45:29.744481 [debug] [MainThread]: Command `dbt debug` failed at 21:45:29.744370 after 0.08 seconds
[0m21:45:29.745327 [debug] [MainThread]: Sending event: {'category': 'dbt', 'action': 'invocation', 'label': 'end', 'context': [<snowplow_tracker.self_describing_json.SelfDescribingJson object at 0x7f7429a7cee0>, <snowplow_tracker.self_describing_json.SelfDescribingJson object at 0x7f7429267a90>, <snowplow_tracker.self_describing_json.SelfDescribingJson object at 0x7f7428af1000>]}
[0m21:45:29.746118 [debug] [MainThread]: Flushing usage events
[0m21:45:31.998579 [debug] [MainThread]: An error was encountered while trying to flush usage events
[0m23:08:12.424640 [debug] [MainThread]: Sending event: {'category': 'dbt', 'action': 'invocation', 'label': 'start', 'context': [<snowplow_tracker.self_describing_json.SelfDescribingJson object at 0x7f5465a9d0c0>, <snowplow_tracker.self_describing_json.SelfDescribingJson object at 0x7f546692a830>, <snowplow_tracker.self_describing_json.SelfDescribingJson object at 0x7f546692a7d0>]}


============================== 23:08:12.426779 | 0f8d0f02-1798-44dd-8c35-e9ec5d1b36b1 ==============================
[0m23:08:12.426779 [info ] [MainThread]: Running with dbt=1.9.2
[0m23:08:12.427309 [debug] [MainThread]: running dbt with arguments {'printer_width': '80', 'indirect_selection': 'eager', 'log_cache_events': 'False', 'write_json': 'True', 'partial_parse': 'True', 'cache_selected_only': 'False', 'warn_error': 'None', 'version_check': 'True', 'fail_fast': 'False', 'log_path': 'logs', 'profiles_dir': '/home/paribe/python_dbt_streamlit', 'debug': 'False', 'use_colors': 'True', 'use_experimental_parser': 'False', 'empty': 'None', 'quiet': 'False', 'no_print': 'None', 'warn_error_options': 'WarnErrorOptions(include=[], exclude=[])', 'introspect': 'True', 'invocation_command': 'dbt debug', 'static_parser': 'True', 'target_path': 'None', 'log_format': 'default', 'send_anonymous_usage_stats': 'True'}
[0m23:08:12.431683 [info ] [MainThread]: dbt version: 1.9.2
[0m23:08:12.431990 [info ] [MainThread]: python version: 3.10.16
[0m23:08:12.432208 [info ] [MainThread]: python path: /home/paribe/python_dbt_streamlit/.venv/bin/python
[0m23:08:12.432430 [info ] [MainThread]: os info: Linux-5.15.167.4-microsoft-standard-WSL2-x86_64-with-glibc2.39
[0m23:08:12.478088 [info ] [MainThread]: Using profiles dir at /home/paribe/python_dbt_streamlit
[0m23:08:12.478543 [info ] [MainThread]: Using profiles.yml file at /home/paribe/python_dbt_streamlit/profiles.yml
[0m23:08:12.478854 [info ] [MainThread]: Using dbt_project.yml file at /home/paribe/python_dbt_streamlit/dbt_project.yml
[0m23:08:12.479299 [info ] [MainThread]: adapter type: postgres
[0m23:08:12.479568 [info ] [MainThread]: adapter version: 1.9.0
[0m23:08:12.479852 [info ] [MainThread]: Configuration:
[0m23:08:12.480119 [info ] [MainThread]:   profiles.yml file [[32mOK found and valid[0m]
[0m23:08:12.480366 [info ] [MainThread]:   dbt_project.yml file [[31mERROR not found[0m]
[0m23:08:12.480560 [info ] [MainThread]: Required dependencies:
[0m23:08:12.480873 [debug] [MainThread]: Executing "git --help"
[0m23:08:12.482724 [debug] [MainThread]: STDOUT: "b"usage: git [-v | --version] [-h | --help] [-C <path>] [-c <name>=<value>]\n           [--exec-path[=<path>]] [--html-path] [--man-path] [--info-path]\n           [-p | --paginate | -P | --no-pager] [--no-replace-objects] [--bare]\n           [--git-dir=<path>] [--work-tree=<path>] [--namespace=<name>]\n           [--config-env=<name>=<envvar>] <command> [<args>]\n\nThese are common Git commands used in various situations:\n\nstart a working area (see also: git help tutorial)\n   clone     Clone a repository into a new directory\n   init      Create an empty Git repository or reinitialize an existing one\n\nwork on the current change (see also: git help everyday)\n   add       Add file contents to the index\n   mv        Move or rename a file, a directory, or a symlink\n   restore   Restore working tree files\n   rm        Remove files from the working tree and from the index\n\nexamine the history and state (see also: git help revisions)\n   bisect    Use binary search to find the commit that introduced a bug\n   diff      Show changes between commits, commit and working tree, etc\n   grep      Print lines matching a pattern\n   log       Show commit logs\n   show      Show various types of objects\n   status    Show the working tree status\n\ngrow, mark and tweak your common history\n   branch    List, create, or delete branches\n   commit    Record changes to the repository\n   merge     Join two or more development histories together\n   rebase    Reapply commits on top of another base tip\n   reset     Reset current HEAD to the specified state\n   switch    Switch branches\n   tag       Create, list, delete or verify a tag object signed with GPG\n\ncollaborate (see also: git help workflows)\n   fetch     Download objects and refs from another repository\n   pull      Fetch from and integrate with another repository or a local branch\n   push      Update remote refs along with associated objects\n\n'git help -a' and 'git help -g' list available subcommands and some\nconcept guides. See 'git help <command>' or 'git help <concept>'\nto read about a specific subcommand or concept.\nSee 'git help git' for an overview of the system.\n""
[0m23:08:12.483339 [debug] [MainThread]: STDERR: "b''"
[0m23:08:12.483657 [info ] [MainThread]:  - git [[32mOK found[0m]

[0m23:08:12.483903 [info ] [MainThread]: Connection:
[0m23:08:12.484111 [info ] [MainThread]:   host: dpg-cv2rncij1k6c739ofhag-a.oregon-postgres.render.com
[0m23:08:12.484321 [info ] [MainThread]:   port: 5432
[0m23:08:12.484498 [info ] [MainThread]:   user: banco_dremio_sql_user
[0m23:08:12.484740 [info ] [MainThread]:   database: banco_dremio_sql
[0m23:08:12.484914 [info ] [MainThread]:   schema: public
[0m23:08:12.485085 [info ] [MainThread]:   connect_timeout: 10
[0m23:08:12.485252 [info ] [MainThread]:   role: None
[0m23:08:12.485417 [info ] [MainThread]:   search_path: None
[0m23:08:12.485584 [info ] [MainThread]:   keepalives_idle: 0
[0m23:08:12.485791 [info ] [MainThread]:   sslmode: None
[0m23:08:12.486366 [info ] [MainThread]:   sslcert: None
[0m23:08:12.486576 [info ] [MainThread]:   sslkey: None
[0m23:08:12.486752 [info ] [MainThread]:   sslrootcert: None
[0m23:08:12.486956 [info ] [MainThread]:   application_name: dbt
[0m23:08:12.487127 [info ] [MainThread]:   retries: 1
[0m23:08:12.487496 [info ] [MainThread]: Registered adapter: postgres=1.9.0
[0m23:08:12.528138 [debug] [MainThread]: Acquiring new postgres connection 'debug'
[0m23:08:12.544139 [debug] [MainThread]: Using postgres connection "debug"
[0m23:08:12.544538 [debug] [MainThread]: On debug: select 1 as id
[0m23:08:12.544804 [debug] [MainThread]: Opening a new connection, currently in state init
[0m23:08:16.726684 [debug] [MainThread]: SQL status: SELECT 1 in 4.182 seconds
[0m23:08:16.728901 [debug] [MainThread]: On debug: Close
[0m23:08:16.729794 [info ] [MainThread]:   Connection test: [[32mOK connection ok[0m]

[0m23:08:16.730258 [info ] [MainThread]: [31m1 check failed:[0m
[0m23:08:16.730580 [info ] [MainThread]: Project loading failed for the following reason:
 project path </home/paribe/python_dbt_streamlit/dbt_project.yml> not found

[0m23:08:16.731436 [debug] [MainThread]: Resource report: {"command_name": "debug", "command_success": false, "command_wall_clock_time": 4.344673, "process_in_blocks": "0", "process_kernel_time": 0.070152, "process_mem_max_rss": "100660", "process_out_blocks": "16", "process_user_time": 0.90087}
[0m23:08:16.731904 [debug] [MainThread]: Command `dbt debug` failed at 23:08:16.731795 after 4.35 seconds
[0m23:08:16.732228 [debug] [MainThread]: Connection 'debug' was properly closed.
[0m23:08:16.732573 [debug] [MainThread]: Sending event: {'category': 'dbt', 'action': 'invocation', 'label': 'end', 'context': [<snowplow_tracker.self_describing_json.SelfDescribingJson object at 0x7f5465a9d0c0>, <snowplow_tracker.self_describing_json.SelfDescribingJson object at 0x7f54649bc1f0>, <snowplow_tracker.self_describing_json.SelfDescribingJson object at 0x7f54649bf880>]}
[0m23:08:16.732917 [debug] [MainThread]: Flushing usage events
[0m23:08:18.915753 [debug] [MainThread]: An error was encountered while trying to flush usage events
